<?xml version="1.0" encoding="UTF-8"?>
<testng-results ignored="0" total="8" passed="7" failed="1" skipped="0">
  <reporter-output>
  </reporter-output>
  <suite started-at="2021-12-13T11:27:00 BDT" name="Default suite" finished-at="2021-12-13T11:28:54 BDT" duration-ms="113939">
    <groups>
      <group name="cucumber">
        <method signature="AbstractTestNGCucumberTests.runScenario(cucumber.api.testng.PickleEventWrapper, cucumber.api.testng.CucumberFeatureWrapper)[pri:0, instance:steps.RunnerFile@1356d4d4]" name="runScenario" class="cucumber.api.testng.AbstractTestNGCucumberTests"/>
      </group> <!-- cucumber -->
    </groups>
    <test started-at="2021-12-13T11:27:00 BDT" name="Default test" finished-at="2021-12-13T11:28:54 BDT" duration-ms="113939">
      <class name="steps.RunnerFile">
        <test-method is-config="true" signature="setUpClass()[pri:0, instance:steps.RunnerFile@1356d4d4]" started-at="2021-12-13T11:27:00 BDT" name="setUpClass" finished-at="2021-12-13T11:27:00 BDT" duration-ms="105" status="PASS">
          <reporter-output>
          </reporter-output>
        </test-method> <!-- setUpClass -->
        <test-method signature="runScenario(cucumber.api.testng.PickleEventWrapper, cucumber.api.testng.CucumberFeatureWrapper)[pri:0, instance:steps.RunnerFile@1356d4d4]" started-at="2021-12-13T11:27:00 BDT" name="runScenario" description="Runs Cucumber Scenarios" data-provider="scenarios" finished-at="2021-12-13T11:27:07 BDT" duration-ms="7272" status="PASS">
          <params>
            <param index="0">
              <value>
                <![CDATA["TC001_Login and Logout"]]>
              </value>
            </param>
            <param index="1">
              <value>
                <![CDATA["Automation Leaftaps Application"]]>
              </value>
            </param>
          </params>
          <reporter-output>
          </reporter-output>
        </test-method> <!-- runScenario -->
        <test-method signature="runScenario(cucumber.api.testng.PickleEventWrapper, cucumber.api.testng.CucumberFeatureWrapper)[pri:0, instance:steps.RunnerFile@1356d4d4]" started-at="2021-12-13T11:27:07 BDT" name="runScenario" description="Runs Cucumber Scenarios" data-provider="scenarios" finished-at="2021-12-13T11:27:12 BDT" duration-ms="4867" status="PASS">
          <params>
            <param index="0">
              <value>
                <![CDATA["TC001_Login and Logout"]]>
              </value>
            </param>
            <param index="1">
              <value>
                <![CDATA["Automation Leaftaps Application"]]>
              </value>
            </param>
          </params>
          <reporter-output>
          </reporter-output>
        </test-method> <!-- runScenario -->
        <test-method signature="runScenario(cucumber.api.testng.PickleEventWrapper, cucumber.api.testng.CucumberFeatureWrapper)[pri:0, instance:steps.RunnerFile@1356d4d4]" started-at="2021-12-13T11:27:12 BDT" name="runScenario" description="Runs Cucumber Scenarios" data-provider="scenarios" finished-at="2021-12-13T11:27:17 BDT" duration-ms="4459" status="PASS">
          <params>
            <param index="0">
              <value>
                <![CDATA["TC002_Login and Logout for failure"]]>
              </value>
            </param>
            <param index="1">
              <value>
                <![CDATA["Automation Leaftaps Application"]]>
              </value>
            </param>
          </params>
          <reporter-output>
          </reporter-output>
        </test-method> <!-- runScenario -->
        <test-method signature="runScenario(cucumber.api.testng.PickleEventWrapper, cucumber.api.testng.CucumberFeatureWrapper)[pri:0, instance:steps.RunnerFile@1356d4d4]" started-at="2021-12-13T11:27:17 BDT" name="runScenario" description="Runs Cucumber Scenarios" data-provider="scenarios" finished-at="2021-12-13T11:27:28 BDT" duration-ms="11735" status="PASS">
          <params>
            <param index="0">
              <value>
                <![CDATA["TC003_CreateLead"]]>
              </value>
            </param>
            <param index="1">
              <value>
                <![CDATA["Automation Leaftaps Application"]]>
              </value>
            </param>
          </params>
          <reporter-output>
          </reporter-output>
        </test-method> <!-- runScenario -->
        <test-method signature="runScenario(cucumber.api.testng.PickleEventWrapper, cucumber.api.testng.CucumberFeatureWrapper)[pri:0, instance:steps.RunnerFile@1356d4d4]" started-at="2021-12-13T11:27:28 BDT" name="runScenario" description="Runs Cucumber Scenarios" data-provider="scenarios" finished-at="2021-12-13T11:27:43 BDT" duration-ms="14633" status="PASS">
          <params>
            <param index="0">
              <value>
                <![CDATA["TC003_CreateLead"]]>
              </value>
            </param>
            <param index="1">
              <value>
                <![CDATA["Automation Leaftaps Application"]]>
              </value>
            </param>
          </params>
          <reporter-output>
          </reporter-output>
        </test-method> <!-- runScenario -->
        <test-method signature="runScenario(cucumber.api.testng.PickleEventWrapper, cucumber.api.testng.CucumberFeatureWrapper)[pri:0, instance:steps.RunnerFile@1356d4d4]" started-at="2021-12-13T11:27:43 BDT" name="runScenario" description="Runs Cucumber Scenarios" data-provider="scenarios" finished-at="2021-12-13T11:27:54 BDT" duration-ms="10675" status="PASS">
          <params>
            <param index="0">
              <value>
                <![CDATA["TC003_CreateLead"]]>
              </value>
            </param>
            <param index="1">
              <value>
                <![CDATA["Automation Leaftaps Application"]]>
              </value>
            </param>
          </params>
          <reporter-output>
          </reporter-output>
        </test-method> <!-- runScenario -->
        <test-method signature="runScenario(cucumber.api.testng.PickleEventWrapper, cucumber.api.testng.CucumberFeatureWrapper)[pri:0, instance:steps.RunnerFile@1356d4d4]" started-at="2021-12-13T11:27:54 BDT" name="runScenario" description="Runs Cucumber Scenarios" data-provider="scenarios" finished-at="2021-12-13T11:28:11 BDT" duration-ms="17080" status="PASS">
          <params>
            <param index="0">
              <value>
                <![CDATA["TC004_EditLead"]]>
              </value>
            </param>
            <param index="1">
              <value>
                <![CDATA["Automation Leaftaps Application"]]>
              </value>
            </param>
          </params>
          <reporter-output>
          </reporter-output>
        </test-method> <!-- runScenario -->
        <test-method signature="runScenario(cucumber.api.testng.PickleEventWrapper, cucumber.api.testng.CucumberFeatureWrapper)[pri:0, instance:steps.RunnerFile@1356d4d4]" started-at="2021-12-13T11:28:11 BDT" name="runScenario" description="Runs Cucumber Scenarios" data-provider="scenarios" finished-at="2021-12-13T11:28:54 BDT" duration-ms="42996" status="FAIL">
          <params>
            <param index="0">
              <value>
                <![CDATA["TC005_DeleteLead"]]>
              </value>
            </param>
            <param index="1">
              <value>
                <![CDATA["Automation Leaftaps Application"]]>
              </value>
            </param>
          </params>
          <exception class="org.openqa.selenium.NoSuchElementException">
            <message>
              <![CDATA[no such element: Unable to locate element: {"method":"xpath","selector":"(//div[@class='x-grid3-cell-inner x-grid3-col-partyId']/a)[1]"}
  (Session info: chrome=96.0.4664.93)
For documentation on this error, please visit: https://www.seleniumhq.org/exceptions/no_such_element.html
Build info: version: '3.141.59', revision: 'e82be7d358', time: '2018-11-14T08:17:03'
System info: host: 'DESKTOP-C7K84SR', ip: '192.168.31.59', os.name: 'Windows 10', os.arch: 'amd64', os.version: '10.0', java.version: '15.0.1'
Driver info: org.openqa.selenium.chrome.ChromeDriver
Capabilities {acceptInsecureCerts: false, browserName: chrome, browserVersion: 96.0.4664.93, chrome: {chromedriverVersion: 96.0.4664.45 (76e4c1bb2ab46..., userDataDir: C:\Users\cored\AppData\Loca...}, goog:chromeOptions: {debuggerAddress: localhost:56644}, javascriptEnabled: true, networkConnectionEnabled: false, pageLoadStrategy: normal, platform: WINDOWS, platformName: WINDOWS, proxy: Proxy(), setWindowRect: true, strictFileInteractability: false, timeouts: {implicit: 0, pageLoad: 300000, script: 30000}, unhandledPromptBehavior: dismiss and notify, webauthn:extension:credBlob: true, webauthn:extension:largeBlob: true, webauthn:virtualAuthenticators: true}
Session ID: cf0e17d8f69abbe88326db090eb851ca
*** Element info: {Using=xpath, value=(//div[@class='x-grid3-cell-inner x-grid3-col-partyId']/a)[1]}]]>
            </message>
            <full-stacktrace>
              <![CDATA[org.openqa.selenium.NoSuchElementException: no such element: Unable to locate element: {"method":"xpath","selector":"(//div[@class='x-grid3-cell-inner x-grid3-col-partyId']/a)[1]"}
  (Session info: chrome=96.0.4664.93)
For documentation on this error, please visit: https://www.seleniumhq.org/exceptions/no_such_element.html
Build info: version: '3.141.59', revision: 'e82be7d358', time: '2018-11-14T08:17:03'
System info: host: 'DESKTOP-C7K84SR', ip: '192.168.31.59', os.name: 'Windows 10', os.arch: 'amd64', os.version: '10.0', java.version: '15.0.1'
Driver info: org.openqa.selenium.chrome.ChromeDriver
Capabilities {acceptInsecureCerts: false, browserName: chrome, browserVersion: 96.0.4664.93, chrome: {chromedriverVersion: 96.0.4664.45 (76e4c1bb2ab46..., userDataDir: C:\Users\cored\AppData\Loca...}, goog:chromeOptions: {debuggerAddress: localhost:56644}, javascriptEnabled: true, networkConnectionEnabled: false, pageLoadStrategy: normal, platform: WINDOWS, platformName: WINDOWS, proxy: Proxy(), setWindowRect: true, strictFileInteractability: false, timeouts: {implicit: 0, pageLoad: 300000, script: 30000}, unhandledPromptBehavior: dismiss and notify, webauthn:extension:credBlob: true, webauthn:extension:largeBlob: true, webauthn:virtualAuthenticators: true}
Session ID: cf0e17d8f69abbe88326db090eb851ca
*** Element info: {Using=xpath, value=(//div[@class='x-grid3-cell-inner x-grid3-col-partyId']/a)[1]}
at java.base/jdk.internal.reflect.NativeConstructorAccessorImpl.newInstance0(Native Method)
at java.base/jdk.internal.reflect.NativeConstructorAccessorImpl.newInstance(NativeConstructorAccessorImpl.java:64)
at java.base/jdk.internal.reflect.DelegatingConstructorAccessorImpl.newInstance(DelegatingConstructorAccessorImpl.java:45)
at java.base/java.lang.reflect.Constructor.newInstanceWithCaller(Constructor.java:500)
at java.base/java.lang.reflect.Constructor.newInstance(Constructor.java:481)
at org.openqa.selenium.remote.http.W3CHttpResponseCodec.createException(W3CHttpResponseCodec.java:187)
at org.openqa.selenium.remote.http.W3CHttpResponseCodec.decode(W3CHttpResponseCodec.java:122)
at org.openqa.selenium.remote.http.W3CHttpResponseCodec.decode(W3CHttpResponseCodec.java:49)
at org.openqa.selenium.remote.HttpCommandExecutor.execute(HttpCommandExecutor.java:158)
at org.openqa.selenium.remote.service.DriverCommandExecutor.execute(DriverCommandExecutor.java:83)
at org.openqa.selenium.remote.RemoteWebDriver.execute(RemoteWebDriver.java:552)
at org.openqa.selenium.remote.RemoteWebDriver.findElement(RemoteWebDriver.java:323)
at org.openqa.selenium.remote.RemoteWebDriver.findElementByXPath(RemoteWebDriver.java:428)
at steps.StepsDefinition.clickFirstResultingLead(StepsDefinition.java:164)
at ✽.Click first resulting lead(file:src/test/java/features/doc.feature:89)
]]>
            </full-stacktrace>
          </exception> <!-- org.openqa.selenium.NoSuchElementException -->
          <reporter-output>
          </reporter-output>
        </test-method> <!-- runScenario -->
        <test-method is-config="true" signature="tearDownClass()[pri:0, instance:steps.RunnerFile@1356d4d4]" started-at="2021-12-13T11:28:54 BDT" name="tearDownClass" finished-at="2021-12-13T11:28:54 BDT" duration-ms="18" status="PASS">
          <reporter-output>
          </reporter-output>
        </test-method> <!-- tearDownClass -->
      </class> <!-- steps.RunnerFile -->
    </test> <!-- Default test -->
  </suite> <!-- Default suite -->
</testng-results>
